<?xml version="1.0" encoding="UTF-8"?>
<!-- Generated by org.testng.reporters.JUnitXMLReporter -->
<testsuite ignored="8" hostname="LAPTOP-449P6O1H" failures="0" tests="5" name="Test" time="45.236" errors="0" timestamp="2025-06-02T12:10:05 IST">
  <testcase classname="electronic.TC_DWS_002_Test" name="clickOnElectronics" time="0.815"/>
  <testcase classname="computers.TC_DWS_004_Test" name="clickOnDesktpLink" time="1.636"/>
  <testcase classname="books.TC_DWS_001_Test" name="clickOnBooks" time="0.987"/>
  <testcase classname="electronic.TC_DWS_003_Test" name="ClickOnCemaraAndPhotos" time="2.016"/>
  <testcase classname="computers.TC_DWS_005_Test" name="clickOnNotebooks" time="2.393"/>
  <testcase classname="genericUtility.BaseClass" name="@BeforeSuite reportConfig" time="0.0">
    <ignored/>
  </testcase> <!-- @BeforeSuite reportConfig -->
  <testcase classname="genericUtility.BaseClass" name="@AfterSuite reportBackup" time="0.0">
    <ignored/>
  </testcase> <!-- @AfterSuite reportBackup -->
  <testcase classname="genericUtility.BaseClass" name="@BeforeSuite reportConfig" time="0.0">
    <ignored/>
  </testcase> <!-- @BeforeSuite reportConfig -->
  <testcase classname="genericUtility.BaseClass" name="@BeforeSuite reportConfig" time="0.0">
    <ignored/>
  </testcase> <!-- @BeforeSuite reportConfig -->
  <testcase classname="genericUtility.BaseClass" name="@AfterSuite reportBackup" time="0.0">
    <ignored/>
  </testcase> <!-- @AfterSuite reportBackup -->
  <testcase classname="genericUtility.BaseClass" name="@AfterSuite reportBackup" time="0.0">
    <ignored/>
  </testcase> <!-- @AfterSuite reportBackup -->
  <testcase classname="genericUtility.BaseClass" name="@BeforeSuite reportConfig" time="0.0">
    <ignored/>
  </testcase> <!-- @BeforeSuite reportConfig -->
  <testcase classname="genericUtility.BaseClass" name="@AfterSuite reportBackup" time="0.0">
    <ignored/>
  </testcase> <!-- @AfterSuite reportBackup -->
</testsuite> <!-- Test -->
