<?xml version="1.0" encoding="UTF-8"?>
<testng-results ignored="0" total="5" passed="5" failed="0" skipped="0">
  <reporter-output>
  </reporter-output>
  <suite started-at="2025-06-02T12:09:19 IST" name="Suite" finished-at="2025-06-02T12:10:05 IST" duration-ms="45236">
    <groups>
    </groups>
    <test started-at="2025-06-02T12:09:19 IST" name="Test" finished-at="2025-06-02T12:10:05 IST" duration-ms="45236">
      <class name="electronic.TC_DWS_002_Test">
        <test-method is-config="true" signature="reportConfig()[pri:0, instance:electronic.TC_DWS_002_Test@5bda8e08]" started-at="2025-06-02T12:09:19 IST" name="reportConfig" finished-at="2025-06-02T12:09:19 IST" duration-ms="304" status="PASS">
          <reporter-output>
          </reporter-output>
        </test-method> <!-- reportConfig -->
        <test-method is-config="true" signature="OpenBrowser()[pri:0, instance:electronic.TC_DWS_002_Test@5bda8e08]" started-at="2025-06-02T12:09:19 IST" name="OpenBrowser" finished-at="2025-06-02T12:09:24 IST" duration-ms="5040" status="PASS">
          <reporter-output>
          </reporter-output>
        </test-method> <!-- OpenBrowser -->
        <test-method is-config="true" signature="launch()[pri:0, instance:electronic.TC_DWS_002_Test@5bda8e08]" started-at="2025-06-02T12:09:24 IST" name="launch" finished-at="2025-06-02T12:09:26 IST" duration-ms="1750" status="PASS">
          <reporter-output>
          </reporter-output>
        </test-method> <!-- launch -->
        <test-method signature="clickOnElectronics()[pri:0, instance:electronic.TC_DWS_002_Test@5bda8e08]" started-at="2025-06-02T12:09:26 IST" name="clickOnElectronics" finished-at="2025-06-02T12:09:27 IST" duration-ms="815" status="PASS">
          <reporter-output>
          </reporter-output>
        </test-method> <!-- clickOnElectronics -->
        <test-method is-config="true" signature="logout()[pri:0, instance:electronic.TC_DWS_002_Test@5bda8e08]" started-at="2025-06-02T12:09:27 IST" name="logout" finished-at="2025-06-02T12:09:28 IST" duration-ms="1097" status="PASS">
          <reporter-output>
          </reporter-output>
        </test-method> <!-- logout -->
        <test-method is-config="true" signature="closeBrowser()[pri:0, instance:electronic.TC_DWS_002_Test@5bda8e08]" started-at="2025-06-02T12:09:28 IST" name="closeBrowser" finished-at="2025-06-02T12:09:28 IST" duration-ms="331" status="PASS">
          <reporter-output>
          </reporter-output>
        </test-method> <!-- closeBrowser -->
        <test-method is-config="true" signature="reportBackup()[pri:0, instance:electronic.TC_DWS_002_Test@5bda8e08]" started-at="2025-06-02T12:10:05 IST" name="reportBackup" finished-at="2025-06-02T12:10:05 IST" duration-ms="363" status="PASS">
          <reporter-output>
          </reporter-output>
        </test-method> <!-- reportBackup -->
      </class> <!-- electronic.TC_DWS_002_Test -->
      <class name="computers.TC_DWS_004_Test">
        <test-method is-config="true" signature="OpenBrowser()[pri:0, instance:computers.TC_DWS_004_Test@3b0090a4]" started-at="2025-06-02T12:09:28 IST" name="OpenBrowser" finished-at="2025-06-02T12:09:33 IST" duration-ms="4396" status="PASS">
          <reporter-output>
          </reporter-output>
        </test-method> <!-- OpenBrowser -->
        <test-method is-config="true" signature="launch()[pri:0, instance:computers.TC_DWS_004_Test@3b0090a4]" started-at="2025-06-02T12:09:33 IST" name="launch" finished-at="2025-06-02T12:09:34 IST" duration-ms="1650" status="PASS">
          <reporter-output>
          </reporter-output>
        </test-method> <!-- launch -->
        <test-method signature="clickOnDesktpLink()[pri:0, instance:computers.TC_DWS_004_Test@3b0090a4]" started-at="2025-06-02T12:09:34 IST" name="clickOnDesktpLink" finished-at="2025-06-02T12:09:36 IST" duration-ms="1636" status="PASS">
          <reporter-output>
          </reporter-output>
        </test-method> <!-- clickOnDesktpLink -->
        <test-method is-config="true" signature="logout()[pri:0, instance:computers.TC_DWS_004_Test@3b0090a4]" started-at="2025-06-02T12:09:36 IST" name="logout" finished-at="2025-06-02T12:09:37 IST" duration-ms="1044" status="PASS">
          <reporter-output>
          </reporter-output>
        </test-method> <!-- logout -->
        <test-method is-config="true" signature="closeBrowser()[pri:0, instance:computers.TC_DWS_004_Test@3b0090a4]" started-at="2025-06-02T12:09:37 IST" name="closeBrowser" finished-at="2025-06-02T12:09:37 IST" duration-ms="254" status="PASS">
          <reporter-output>
          </reporter-output>
        </test-method> <!-- closeBrowser -->
      </class> <!-- computers.TC_DWS_004_Test -->
      <class name="books.TC_DWS_001_Test">
        <test-method is-config="true" signature="OpenBrowser()[pri:0, instance:books.TC_DWS_001_Test@3cd3e762]" started-at="2025-06-02T12:09:37 IST" name="OpenBrowser" finished-at="2025-06-02T12:09:42 IST" duration-ms="4507" status="PASS">
          <reporter-output>
          </reporter-output>
        </test-method> <!-- OpenBrowser -->
        <test-method is-config="true" signature="launch()[pri:0, instance:books.TC_DWS_001_Test@3cd3e762]" started-at="2025-06-02T12:09:42 IST" name="launch" finished-at="2025-06-02T12:09:44 IST" duration-ms="1669" status="PASS">
          <reporter-output>
          </reporter-output>
        </test-method> <!-- launch -->
        <test-method signature="clickOnBooks()[pri:0, instance:books.TC_DWS_001_Test@3cd3e762]" started-at="2025-06-02T12:09:44 IST" name="clickOnBooks" finished-at="2025-06-02T12:09:45 IST" duration-ms="987" status="PASS">
          <reporter-output>
          </reporter-output>
        </test-method> <!-- clickOnBooks -->
        <test-method is-config="true" signature="logout()[pri:0, instance:books.TC_DWS_001_Test@3cd3e762]" started-at="2025-06-02T12:09:45 IST" name="logout" finished-at="2025-06-02T12:09:46 IST" duration-ms="1058" status="PASS">
          <reporter-output>
          </reporter-output>
        </test-method> <!-- logout -->
        <test-method is-config="true" signature="closeBrowser()[pri:0, instance:books.TC_DWS_001_Test@3cd3e762]" started-at="2025-06-02T12:09:46 IST" name="closeBrowser" finished-at="2025-06-02T12:09:46 IST" duration-ms="326" status="PASS">
          <reporter-output>
          </reporter-output>
        </test-method> <!-- closeBrowser -->
      </class> <!-- books.TC_DWS_001_Test -->
      <class name="electronic.TC_DWS_003_Test">
        <test-method is-config="true" signature="OpenBrowser()[pri:0, instance:electronic.TC_DWS_003_Test@1fa121e2]" started-at="2025-06-02T12:09:46 IST" name="OpenBrowser" finished-at="2025-06-02T12:09:51 IST" duration-ms="4563" status="PASS">
          <reporter-output>
          </reporter-output>
        </test-method> <!-- OpenBrowser -->
        <test-method is-config="true" signature="launch()[pri:0, instance:electronic.TC_DWS_003_Test@1fa121e2]" started-at="2025-06-02T12:09:51 IST" name="launch" finished-at="2025-06-02T12:09:52 IST" duration-ms="1717" status="PASS">
          <reporter-output>
          </reporter-output>
        </test-method> <!-- launch -->
        <test-method signature="ClickOnCemaraAndPhotos()[pri:0, instance:electronic.TC_DWS_003_Test@1fa121e2]" started-at="2025-06-02T12:09:52 IST" name="ClickOnCemaraAndPhotos" finished-at="2025-06-02T12:09:54 IST" duration-ms="2016" status="PASS">
          <reporter-output>
          </reporter-output>
        </test-method> <!-- ClickOnCemaraAndPhotos -->
        <test-method is-config="true" signature="logout()[pri:0, instance:electronic.TC_DWS_003_Test@1fa121e2]" started-at="2025-06-02T12:09:54 IST" name="logout" finished-at="2025-06-02T12:09:55 IST" duration-ms="931" status="PASS">
          <reporter-output>
          </reporter-output>
        </test-method> <!-- logout -->
        <test-method is-config="true" signature="closeBrowser()[pri:0, instance:electronic.TC_DWS_003_Test@1fa121e2]" started-at="2025-06-02T12:09:55 IST" name="closeBrowser" finished-at="2025-06-02T12:09:56 IST" duration-ms="328" status="PASS">
          <reporter-output>
          </reporter-output>
        </test-method> <!-- closeBrowser -->
      </class> <!-- electronic.TC_DWS_003_Test -->
      <class name="computers.TC_DWS_005_Test">
        <test-method is-config="true" signature="OpenBrowser()[pri:0, instance:computers.TC_DWS_005_Test@7eac9008]" started-at="2025-06-02T12:09:56 IST" name="OpenBrowser" finished-at="2025-06-02T12:10:00 IST" duration-ms="4581" status="PASS">
          <reporter-output>
          </reporter-output>
        </test-method> <!-- OpenBrowser -->
        <test-method is-config="true" signature="launch()[pri:0, instance:computers.TC_DWS_005_Test@7eac9008]" started-at="2025-06-02T12:10:00 IST" name="launch" finished-at="2025-06-02T12:10:01 IST" duration-ms="886" status="PASS">
          <reporter-output>
          </reporter-output>
        </test-method> <!-- launch -->
        <test-method signature="clickOnNotebooks()[pri:0, instance:computers.TC_DWS_005_Test@7eac9008]" started-at="2025-06-02T12:10:01 IST" name="clickOnNotebooks" finished-at="2025-06-02T12:10:03 IST" duration-ms="2393" status="PASS">
          <reporter-output>
          </reporter-output>
        </test-method> <!-- clickOnNotebooks -->
        <test-method is-config="true" signature="logout()[pri:0, instance:computers.TC_DWS_005_Test@7eac9008]" started-at="2025-06-02T12:10:03 IST" name="logout" finished-at="2025-06-02T12:10:04 IST" duration-ms="934" status="PASS">
          <reporter-output>
          </reporter-output>
        </test-method> <!-- logout -->
        <test-method is-config="true" signature="closeBrowser()[pri:0, instance:computers.TC_DWS_005_Test@7eac9008]" started-at="2025-06-02T12:10:04 IST" name="closeBrowser" finished-at="2025-06-02T12:10:05 IST" duration-ms="265" status="PASS">
          <reporter-output>
          </reporter-output>
        </test-method> <!-- closeBrowser -->
      </class> <!-- computers.TC_DWS_005_Test -->
    </test> <!-- Test -->
  </suite> <!-- Suite -->
</testng-results>
